#
# There is insufficient memory for the Java Runtime Environment to continue.
# Native memory allocation (malloc) failed to allocate 262160 bytes for Chunk::new
# Possible reasons:
#   The system is out of physical RAM or swap space
#   The process is running with CompressedOops enabled, and the Java Heap may be blocking the growth of the native heap
# Possible solutions:
#   Reduce memory load on the system
#   Increase physical memory or swap space
#   Check if swap backing store is full
#   Decrease Java heap size (-Xmx/-Xms)
#   Decrease number of Java threads
#   Decrease Java thread stack sizes (-Xss)
#   Set larger code cache with -XX:ReservedCodeCacheSize=
#   JVM is running with Unscaled Compressed Oops mode in which the Java heap is
#     placed in the first 4GB address space. The Java Heap base address is the
#     maximum limit for the native heap growth. Please use -XX:HeapBaseMinAddress
#     to set the Java Heap base and to place the Java Heap above 4GB virtual address.
# This output file may be truncated or incomplete.
#
#  Out of Memory Error (arena.cpp:189), pid=22372, tid=24676
#
# JRE version: Java(TM) SE Runtime Environment (17.0.11+7) (build 17.0.11+7-LTS-207)
# Java VM: Java HotSpot(TM) 64-Bit Server VM (17.0.11+7-LTS-207, mixed mode, sharing, tiered, compressed oops, compressed class ptrs, g1 gc, windows-amd64)
# No core dump will be written. Minidumps are not enabled by default on client versions of Windows
#

---------------  S U M M A R Y ------------

Command Line: -Dcom.android.sdklib.toolsdir=C:\Users\LENOVO\AppData\Local\Android\Sdk\cmdline-tools\latest\bin\\.. com.android.sdklib.tool.sdkmanager.SdkManagerCli --list

Host: Intel(R) Core(TM) i5-6200U CPU @ 2.30GHz, 4 cores, 7G,  Windows 10 , 64 bit Build 19041 (10.0.19041.5198)
Time: Fri Jan 17 18:10:38 2025 SE Asia Standard Time elapsed time: 18.755828 seconds (0d 0h 0m 18s)

---------------  T H R E A D  ---------------

Current thread (0x0000023ea3d99060):  JavaThread "C2 CompilerThread0" daemon [_thread_in_native, id=24676, stack(0x000000be30500000,0x000000be30600000)]


Current CompileTask:
C2:  18756 3032       4       sun.security.ec.ECOperations::setDouble (559 bytes)

Stack: [0x000000be30500000,0x000000be30600000]
Native frames: (J=compiled Java code, j=interpreted, Vv=VM code, C=native code)
V  [jvm.dll+0x679cca]
V  [jvm.dll+0x7da13d]
V  [jvm.dll+0x7dba83]
V  [jvm.dll+0x7dc0f3]
V  [jvm.dll+0x2449af]
V  [jvm.dll+0xab83b]
V  [jvm.dll+0xabe1c]
V  [jvm.dll+0xab954]
V  [jvm.dll+0x69f185]
V  [jvm.dll+0x1a6703]
V  [jvm.dll+0x6a0cfc]
V  [jvm.dll+0x3629c0]
V  [jvm.dll+0x36257a]
V  [jvm.dll+0x6a0f1d]
V  [jvm.dll+0x69f9fa]
V  [jvm.dll+0x2171bf]
V  [jvm.dll+0x215505]
V  [jvm.dll+0x1a2040]
V  [jvm.dll+0x225a2b]
V  [jvm.dll+0x223bcb]
V  [jvm.dll+0x7903ec]
V  [jvm.dll+0x78a85a]
V  [jvm.dll+0x678bb5]
C  [ucrtbase.dll+0x21bb2]
C  [KERNEL32.DLL+0x17374]
C  [ntdll.dll+0x4cc91]


---------------  P R O C E S S  ---------------

Threads class SMR info:
_java_thread_list=0x0000023ee91eb6e0, length=24, elements={
0x0000023e868ffec0, 0x0000023ea3d7eec0, 0x0000023ea3d7fc10, 0x0000023ea3d946f0,
0x0000023ea3d950c0, 0x0000023ea3d95a80, 0x0000023ea3d97450, 0x0000023ea3d99060,
0x0000023ea3d9a100, 0x0000023ea3e0e330, 0x0000023ee909e970, 0x0000023ee90a6520,
0x0000023ee9c17430, 0x0000023ee920a3a0, 0x0000023ee92bc1e0, 0x0000023ee9d6c3d0,
0x0000023ee9d6af90, 0x0000023ee9d6bec0, 0x0000023ee9d68200, 0x0000023ee9d6b9b0,
0x0000023ee9d68710, 0x0000023ee9d69b50, 0x0000023ee9d68c20, 0x0000023ee9d663a0
}

Java Threads: ( => current thread )
  0x0000023e868ffec0 JavaThread "main" [_thread_in_native, id=8612, stack(0x000000be2f800000,0x000000be2f900000)]
  0x0000023ea3d7eec0 JavaThread "Reference Handler" daemon [_thread_blocked, id=4716, stack(0x000000be2ff00000,0x000000be30000000)]
  0x0000023ea3d7fc10 JavaThread "Finalizer" daemon [_thread_blocked, id=14420, stack(0x000000be30000000,0x000000be30100000)]
  0x0000023ea3d946f0 JavaThread "Signal Dispatcher" daemon [_thread_blocked, id=9372, stack(0x000000be30100000,0x000000be30200000)]
  0x0000023ea3d950c0 JavaThread "Attach Listener" daemon [_thread_blocked, id=2692, stack(0x000000be30200000,0x000000be30300000)]
  0x0000023ea3d95a80 JavaThread "Service Thread" daemon [_thread_blocked, id=9312, stack(0x000000be30300000,0x000000be30400000)]
  0x0000023ea3d97450 JavaThread "Monitor Deflation Thread" daemon [_thread_blocked, id=19768, stack(0x000000be30400000,0x000000be30500000)]
=>0x0000023ea3d99060 JavaThread "C2 CompilerThread0" daemon [_thread_in_native, id=24676, stack(0x000000be30500000,0x000000be30600000)]
  0x0000023ea3d9a100 JavaThread "C1 CompilerThread0" daemon [_thread_blocked, id=5592, stack(0x000000be30600000,0x000000be30700000)]
  0x0000023ea3e0e330 JavaThread "Sweeper thread" daemon [_thread_blocked, id=24604, stack(0x000000be30700000,0x000000be30800000)]
  0x0000023ee909e970 JavaThread "Notification Thread" daemon [_thread_blocked, id=2360, stack(0x000000be30800000,0x000000be30900000)]
  0x0000023ee90a6520 JavaThread "Common-Cleaner" daemon [_thread_blocked, id=14548, stack(0x000000be30a00000,0x000000be30b00000)]
  0x0000023ee9c17430 JavaThread "Keep-Alive-Timer" daemon [_thread_blocked, id=21796, stack(0x000000be30e00000,0x000000be30f00000)]
  0x0000023ee920a3a0 JavaThread "pool-1-thread-2" [_thread_in_native, id=22516, stack(0x000000be31000000,0x000000be31100000)]
  0x0000023ee92bc1e0 JavaThread "C2 CompilerThread1" daemon [_thread_in_native, id=188, stack(0x000000be32500000,0x000000be32600000)]
  0x0000023ee9d6c3d0 JavaThread "HandshakeCompletedNotify-Thread" [_thread_new, id=18420, stack(0x0000000000000000,0x0000000000000000)]
  0x0000023ee9d6af90 JavaThread "HandshakeCompletedNotify-Thread" [_thread_new, id=7084, stack(0x0000000000000000,0x0000000000000000)]
  0x0000023ee9d6bec0 JavaThread "HandshakeCompletedNotify-Thread" [_thread_new, id=5608, stack(0x0000000000000000,0x0000000000000000)]
  0x0000023ee9d68200 JavaThread "HandshakeCompletedNotify-Thread" [_thread_new, id=1844, stack(0x0000000000000000,0x0000000000000000)]
  0x0000023ee9d6b9b0 JavaThread "HandshakeCompletedNotify-Thread" [_thread_new, id=24728, stack(0x0000000000000000,0x0000000000000000)]
  0x0000023ee9d68710 JavaThread "HandshakeCompletedNotify-Thread" [_thread_new, id=13044, stack(0x0000000000000000,0x0000000000000000)]
  0x0000023ee9d69b50 JavaThread "HandshakeCompletedNotify-Thread" [_thread_new, id=9768, stack(0x0000000000000000,0x0000000000000000)]
  0x0000023ee9d68c20 JavaThread "HandshakeCompletedNotify-Thread" [_thread_new, id=5792, stack(0x0000000000000000,0x0000000000000000)]
  0x0000023ee9d663a0 JavaThread "HandshakeCompletedNotify-Thread" [_thread_new, id=10152, stack(0x0000000000000000,0x0000000000000000)]

Other Threads:
  0x0000023ea3d77610 VMThread "VM Thread" [stack: 0x000000be2fe00000,0x000000be2ff00000] [id=13224]
  0x0000023ee90a5e80 WatcherThread [stack: 0x000000be30900000,0x000000be30a00000] [id=15948]
  0x0000023e86957560 GCTaskThread "GC Thread#0" [stack: 0x000000be2f900000,0x000000be2fa00000] [id=24532]
  0x0000023ee946ecd0 GCTaskThread "GC Thread#1" [stack: 0x000000be30b00000,0x000000be30c00000] [id=13948]
  0x0000023ee9581b90 GCTaskThread "GC Thread#2" [stack: 0x000000be30c00000,0x000000be30d00000] [id=16692]
  0x0000023ee949b050 GCTaskThread "GC Thread#3" [stack: 0x000000be30d00000,0x000000be30e00000] [id=524]
  0x0000023e869674b0 ConcurrentGCThread "G1 Main Marker" [stack: 0x000000be2fa00000,0x000000be2fb00000] [id=23516]
  0x0000023e86967ec0 ConcurrentGCThread "G1 Conc#0" [stack: 0x000000be2fb00000,0x000000be2fc00000] [id=12400]
  0x0000023ea3c34090 ConcurrentGCThread "G1 Refine#0" [stack: 0x000000be2fc00000,0x000000be2fd00000] [id=20864]
  0x0000023ea3c34b90 ConcurrentGCThread "G1 Service" [stack: 0x000000be2fd00000,0x000000be2fe00000] [id=24988]

Threads with active compile tasks:
C2 CompilerThread0    19016 3032       4       sun.security.ec.ECOperations::setDouble (559 bytes)
C2 CompilerThread1    19016 3132       4       java.lang.String::checkBoundsOffCount (64 bytes)

VM state: not at safepoint (normal execution)

VM Mutex/Monitor currently owned by a thread: None

Heap address: 0x0000000088000000, size: 1920 MB, Compressed Oops mode: 32-bit

CDS archive(s) mapped at: [0x0000023ea4000000-0x0000023ea4bd0000-0x0000023ea4bd0000), size 12386304, SharedBaseAddress: 0x0000023ea4000000, ArchiveRelocationMode: 1.
Compressed class space mapped at: 0x0000023ea5000000-0x0000023ee5000000, reserved size: 1073741824
Narrow klass base: 0x0000023ea4000000, Narrow klass shift: 0, Narrow klass range: 0x100000000

GC Precious Log:
 CPUs: 4 total, 4 available
 Memory: 7675M
 Large Page Support: Disabled
 NUMA Support: Disabled
 Compressed Oops: Enabled (32-bit)
 Heap Region Size: 1M
 Heap Min Capacity: 8M
 Heap Initial Capacity: 120M
 Heap Max Capacity: 1920M
 Pre-touch: Disabled
 Parallel Workers: 4
 Concurrent Workers: 1
 Concurrent Refinement Workers: 4
 Periodic GC: Disabled

Heap:
 garbage-first heap   total 122880K, used 64898K [0x0000000088000000, 0x0000000100000000)
  region size 1024K, 63 young (64512K), 2 survivors (2048K)
 Metaspace       used 17333K, committed 17664K, reserved 1114112K
  class space    used 1868K, committed 2048K, reserved 1048576K

Heap Regions: E=young(eden), S=young(survivor), O=old, HS=humongous(starts), HC=humongous(continues), CS=collection set, F=free, OA=open archive, CA=closed archive, TAMS=top-at-mark-start (previous, next)
|   0|0x0000000088000000, 0x0000000088100000, 0x0000000088100000|100%| O|  |TAMS 0x0000000088000000, 0x0000000088000000| Untracked 
|   1|0x0000000088100000, 0x0000000088200000, 0x0000000088200000|100%| O|  |TAMS 0x0000000088100000, 0x0000000088100000| Untracked 
|   2|0x0000000088200000, 0x00000000882e4e00, 0x0000000088300000| 89%| O|  |TAMS 0x0000000088200000, 0x0000000088200000| Untracked 
|   3|0x0000000088300000, 0x0000000088300000, 0x0000000088400000|  0%| F|  |TAMS 0x0000000088300000, 0x0000000088300000| Untracked 
|   4|0x0000000088400000, 0x0000000088400000, 0x0000000088500000|  0%| F|  |TAMS 0x0000000088400000, 0x0000000088400000| Untracked 
|   5|0x0000000088500000, 0x0000000088500000, 0x0000000088600000|  0%| F|  |TAMS 0x0000000088500000, 0x0000000088500000| Untracked 
|   6|0x0000000088600000, 0x0000000088600000, 0x0000000088700000|  0%| F|  |TAMS 0x0000000088600000, 0x0000000088600000| Untracked 
|   7|0x0000000088700000, 0x0000000088700000, 0x0000000088800000|  0%| F|  |TAMS 0x0000000088700000, 0x0000000088700000| Untracked 
|   8|0x0000000088800000, 0x0000000088800000, 0x0000000088900000|  0%| F|  |TAMS 0x0000000088800000, 0x0000000088800000| Untracked 
|   9|0x0000000088900000, 0x0000000088900000, 0x0000000088a00000|  0%| F|  |TAMS 0x0000000088900000, 0x0000000088900000| Untracked 
|  10|0x0000000088a00000, 0x0000000088a00000, 0x0000000088b00000|  0%| F|  |TAMS 0x0000000088a00000, 0x0000000088a00000| Untracked 
|  11|0x0000000088b00000, 0x0000000088b00000, 0x0000000088c00000|  0%| F|  |TAMS 0x0000000088b00000, 0x0000000088b00000| Untracked 
|  12|0x0000000088c00000, 0x0000000088c00000, 0x0000000088d00000|  0%| F|  |TAMS 0x0000000088c00000, 0x0000000088c00000| Untracked 
|  13|0x0000000088d00000, 0x0000000088d00000, 0x0000000088e00000|  0%| F|  |TAMS 0x0000000088d00000, 0x0000000088d00000| Untracked 
|  14|0x0000000088e00000, 0x0000000088e00000, 0x0000000088f00000|  0%| F|  |TAMS 0x0000000088e00000, 0x0000000088e00000| Untracked 
|  15|0x0000000088f00000, 0x0000000088f00000, 0x0000000089000000|  0%| F|  |TAMS 0x0000000088f00000, 0x0000000088f00000| Untracked 
|  16|0x0000000089000000, 0x0000000089000000, 0x0000000089100000|  0%| F|  |TAMS 0x0000000089000000, 0x0000000089000000| Untracked 
|  17|0x0000000089100000, 0x0000000089100000, 0x0000000089200000|  0%| F|  |TAMS 0x0000000089100000, 0x0000000089100000| Untracked 
|  18|0x0000000089200000, 0x0000000089200000, 0x0000000089300000|  0%| F|  |TAMS 0x0000000089200000, 0x0000000089200000| Untracked 
|  19|0x0000000089300000, 0x0000000089300000, 0x0000000089400000|  0%| F|  |TAMS 0x0000000089300000, 0x0000000089300000| Untracked 
|  20|0x0000000089400000, 0x0000000089400000, 0x0000000089500000|  0%| F|  |TAMS 0x0000000089400000, 0x0000000089400000| Untracked 
|  21|0x0000000089500000, 0x0000000089500000, 0x0000000089600000|  0%| F|  |TAMS 0x0000000089500000, 0x0000000089500000| Untracked 
|  22|0x0000000089600000, 0x0000000089600000, 0x0000000089700000|  0%| F|  |TAMS 0x0000000089600000, 0x0000000089600000| Untracked 
|  23|0x0000000089700000, 0x0000000089700000, 0x0000000089800000|  0%| F|  |TAMS 0x0000000089700000, 0x0000000089700000| Untracked 
|  24|0x0000000089800000, 0x0000000089800000, 0x0000000089900000|  0%| F|  |TAMS 0x0000000089800000, 0x0000000089800000| Untracked 
|  25|0x0000000089900000, 0x0000000089900000, 0x0000000089a00000|  0%| F|  |TAMS 0x0000000089900000, 0x0000000089900000| Untracked 
|  26|0x0000000089a00000, 0x0000000089a00000, 0x0000000089b00000|  0%| F|  |TAMS 0x0000000089a00000, 0x0000000089a00000| Untracked 
|  27|0x0000000089b00000, 0x0000000089b00000, 0x0000000089c00000|  0%| F|  |TAMS 0x0000000089b00000, 0x0000000089b00000| Untracked 
|  28|0x0000000089c00000, 0x0000000089c00000, 0x0000000089d00000|  0%| F|  |TAMS 0x0000000089c00000, 0x0000000089c00000| Untracked 
|  29|0x0000000089d00000, 0x0000000089d00000, 0x0000000089e00000|  0%| F|  |TAMS 0x0000000089d00000, 0x0000000089d00000| Untracked 
|  30|0x0000000089e00000, 0x0000000089e00000, 0x0000000089f00000|  0%| F|  |TAMS 0x0000000089e00000, 0x0000000089e00000| Untracked 
|  31|0x0000000089f00000, 0x0000000089f00000, 0x000000008a000000|  0%| F|  |TAMS 0x0000000089f00000, 0x0000000089f00000| Untracked 
|  32|0x000000008a000000, 0x000000008a000000, 0x000000008a100000|  0%| F|  |TAMS 0x000000008a000000, 0x000000008a000000| Untracked 
|  33|0x000000008a100000, 0x000000008a100000, 0x000000008a200000|  0%| F|  |TAMS 0x000000008a100000, 0x000000008a100000| Untracked 
|  34|0x000000008a200000, 0x000000008a200000, 0x000000008a300000|  0%| F|  |TAMS 0x000000008a200000, 0x000000008a200000| Untracked 
|  35|0x000000008a300000, 0x000000008a300000, 0x000000008a400000|  0%| F|  |TAMS 0x000000008a300000, 0x000000008a300000| Untracked 
|  36|0x000000008a400000, 0x000000008a400000, 0x000000008a500000|  0%| F|  |TAMS 0x000000008a400000, 0x000000008a400000| Untracked 
|  37|0x000000008a500000, 0x000000008a500000, 0x000000008a600000|  0%| F|  |TAMS 0x000000008a500000, 0x000000008a500000| Untracked 
|  38|0x000000008a600000, 0x000000008a600000, 0x000000008a700000|  0%| F|  |TAMS 0x000000008a600000, 0x000000008a600000| Untracked 
|  39|0x000000008a700000, 0x000000008a700000, 0x000000008a800000|  0%| F|  |TAMS 0x000000008a700000, 0x000000008a700000| Untracked 
|  40|0x000000008a800000, 0x000000008a800000, 0x000000008a900000|  0%| F|  |TAMS 0x000000008a800000, 0x000000008a800000| Untracked 
|  41|0x000000008a900000, 0x000000008a900000, 0x000000008aa00000|  0%| F|  |TAMS 0x000000008a900000, 0x000000008a900000| Untracked 
|  42|0x000000008aa00000, 0x000000008aa00000, 0x000000008ab00000|  0%| F|  |TAMS 0x000000008aa00000, 0x000000008aa00000| Untracked 
|  43|0x000000008ab00000, 0x000000008ab00000, 0x000000008ac00000|  0%| F|  |TAMS 0x000000008ab00000, 0x000000008ab00000| Untracked 
|  44|0x000000008ac00000, 0x000000008ac00000, 0x000000008ad00000|  0%| F|  |TAMS 0x000000008ac00000, 0x000000008ac00000| Untracked 
|  45|0x000000008ad00000, 0x000000008ad00000, 0x000000008ae00000|  0%| F|  |TAMS 0x000000008ad00000, 0x000000008ad00000| Untracked 
|  46|0x000000008ae00000, 0x000000008ae00000, 0x000000008af00000|  0%| F|  |TAMS 0x000000008ae00000, 0x000000008ae00000| Untracked 
|  47|0x000000008af00000, 0x000000008af00000, 0x000000008b000000|  0%| F|  |TAMS 0x000000008af00000, 0x000000008af00000| Untracked 
|  48|0x000000008b000000, 0x000000008b000000, 0x000000008b100000|  0%| F|  |TAMS 0x000000008b000000, 0x000000008b000000| Untracked 
|  49|0x000000008b100000, 0x000000008b100000, 0x000000008b200000|  0%| F|  |TAMS 0x000000008b100000, 0x000000008b100000| Untracked 
|  50|0x000000008b200000, 0x000000008b200000, 0x000000008b300000|  0%| F|  |TAMS 0x000000008b200000, 0x000000008b200000| Untracked 
|  51|0x000000008b300000, 0x000000008b300000, 0x000000008b400000|  0%| F|  |TAMS 0x000000008b300000, 0x000000008b300000| Untracked 
|  52|0x000000008b400000, 0x000000008b400000, 0x000000008b500000|  0%| F|  |TAMS 0x000000008b400000, 0x000000008b400000| Untracked 
|  53|0x000000008b500000, 0x000000008b500000, 0x000000008b600000|  0%| F|  |TAMS 0x000000008b500000, 0x000000008b500000| Untracked 
|  54|0x000000008b600000, 0x000000008b600000, 0x000000008b700000|  0%| F|  |TAMS 0x000000008b600000, 0x000000008b600000| Untracked 
|  55|0x000000008b700000, 0x000000008b700000, 0x000000008b800000|  0%| F|  |TAMS 0x000000008b700000, 0x000000008b700000| Untracked 
|  56|0x000000008b800000, 0x000000008b800000, 0x000000008b900000|  0%| F|  |TAMS 0x000000008b800000, 0x000000008b800000| Untracked 
|  57|0x000000008b900000, 0x000000008b981c10, 0x000000008ba00000| 50%| E|  |TAMS 0x000000008b900000, 0x000000008b900000| Complete 
|  58|0x000000008ba00000, 0x000000008bb00000, 0x000000008bb00000|100%| E|CS|TAMS 0x000000008ba00000, 0x000000008ba00000| Complete 
|  59|0x000000008bb00000, 0x000000008bc00000, 0x000000008bc00000|100%| E|CS|TAMS 0x000000008bb00000, 0x000000008bb00000| Complete 
|  60|0x000000008bc00000, 0x000000008bd00000, 0x000000008bd00000|100%| E|CS|TAMS 0x000000008bc00000, 0x000000008bc00000| Complete 
|  61|0x000000008bd00000, 0x000000008be00000, 0x000000008be00000|100%| E|CS|TAMS 0x000000008bd00000, 0x000000008bd00000| Complete 
|  62|0x000000008be00000, 0x000000008bf00000, 0x000000008bf00000|100%| E|CS|TAMS 0x000000008be00000, 0x000000008be00000| Complete 
|  63|0x000000008bf00000, 0x000000008c000000, 0x000000008c000000|100%| E|CS|TAMS 0x000000008bf00000, 0x000000008bf00000| Complete 
|  64|0x000000008c000000, 0x000000008c100000, 0x000000008c100000|100%| E|CS|TAMS 0x000000008c000000, 0x000000008c000000| Complete 
|  65|0x000000008c100000, 0x000000008c200000, 0x000000008c200000|100%| E|  |TAMS 0x000000008c100000, 0x000000008c100000| Complete 
|  66|0x000000008c200000, 0x000000008c300000, 0x000000008c300000|100%| E|CS|TAMS 0x000000008c200000, 0x000000008c200000| Complete 
|  67|0x000000008c300000, 0x000000008c400000, 0x000000008c400000|100%| E|CS|TAMS 0x000000008c300000, 0x000000008c300000| Complete 
|  68|0x000000008c400000, 0x000000008c500000, 0x000000008c500000|100%| E|CS|TAMS 0x000000008c400000, 0x000000008c400000| Complete 
|  69|0x000000008c500000, 0x000000008c600000, 0x000000008c600000|100%| E|CS|TAMS 0x000000008c500000, 0x000000008c500000| Complete 
|  70|0x000000008c600000, 0x000000008c700000, 0x000000008c700000|100%| E|CS|TAMS 0x000000008c600000, 0x000000008c600000| Complete 
|  71|0x000000008c700000, 0x000000008c800000, 0x000000008c800000|100%| E|CS|TAMS 0x000000008c700000, 0x000000008c700000| Complete 
|  72|0x000000008c800000, 0x000000008c900000, 0x000000008c900000|100%| E|CS|TAMS 0x000000008c800000, 0x000000008c800000| Complete 
|  73|0x000000008c900000, 0x000000008ca00000, 0x000000008ca00000|100%| E|CS|TAMS 0x000000008c900000, 0x000000008c900000| Complete 
|  74|0x000000008ca00000, 0x000000008cb00000, 0x000000008cb00000|100%| E|CS|TAMS 0x000000008ca00000, 0x000000008ca00000| Complete 
|  75|0x000000008cb00000, 0x000000008cc00000, 0x000000008cc00000|100%| E|CS|TAMS 0x000000008cb00000, 0x000000008cb00000| Complete 
|  76|0x000000008cc00000, 0x000000008cd00000, 0x000000008cd00000|100%| E|CS|TAMS 0x000000008cc00000, 0x000000008cc00000| Complete 
|  77|0x000000008cd00000, 0x000000008ce00000, 0x000000008ce00000|100%| E|CS|TAMS 0x000000008cd00000, 0x000000008cd00000| Complete 
|  78|0x000000008ce00000, 0x000000008cf00000, 0x000000008cf00000|100%| E|CS|TAMS 0x000000008ce00000, 0x000000008ce00000| Complete 
|  79|0x000000008cf00000, 0x000000008d000000, 0x000000008d000000|100%| E|CS|TAMS 0x000000008cf00000, 0x000000008cf00000| Complete 
|  80|0x000000008d000000, 0x000000008d100000, 0x000000008d100000|100%| E|CS|TAMS 0x000000008d000000, 0x000000008d000000| Complete 
|  81|0x000000008d100000, 0x000000008d200000, 0x000000008d200000|100%| E|CS|TAMS 0x000000008d100000, 0x000000008d100000| Complete 
|  82|0x000000008d200000, 0x000000008d300000, 0x000000008d300000|100%| E|CS|TAMS 0x000000008d200000, 0x000000008d200000| Complete 
|  83|0x000000008d300000, 0x000000008d400000, 0x000000008d400000|100%| E|CS|TAMS 0x000000008d300000, 0x000000008d300000| Complete 
|  84|0x000000008d400000, 0x000000008d500000, 0x000000008d500000|100%| E|CS|TAMS 0x000000008d400000, 0x000000008d400000| Complete 
|  85|0x000000008d500000, 0x000000008d600000, 0x000000008d600000|100%| E|CS|TAMS 0x000000008d500000, 0x000000008d500000| Complete 
|  86|0x000000008d600000, 0x000000008d700000, 0x000000008d700000|100%| E|CS|TAMS 0x000000008d600000, 0x000000008d600000| Complete 
|  87|0x000000008d700000, 0x000000008d800000, 0x000000008d800000|100%| E|CS|TAMS 0x000000008d700000, 0x000000008d700000| Complete 
|  88|0x000000008d800000, 0x000000008d900000, 0x000000008d900000|100%| E|CS|TAMS 0x000000008d800000, 0x000000008d800000| Complete 
|  89|0x000000008d900000, 0x000000008da00000, 0x000000008da00000|100%| E|CS|TAMS 0x000000008d900000, 0x000000008d900000| Complete 
|  90|0x000000008da00000, 0x000000008db00000, 0x000000008db00000|100%| E|CS|TAMS 0x000000008da00000, 0x000000008da00000| Complete 
|  91|0x000000008db00000, 0x000000008dc00000, 0x000000008dc00000|100%| E|CS|TAMS 0x000000008db00000, 0x000000008db00000| Complete 
|  92|0x000000008dc00000, 0x000000008dd00000, 0x000000008dd00000|100%| E|CS|TAMS 0x000000008dc00000, 0x000000008dc00000| Complete 
|  93|0x000000008dd00000, 0x000000008de00000, 0x000000008de00000|100%| E|CS|TAMS 0x000000008dd00000, 0x000000008dd00000| Complete 
|  94|0x000000008de00000, 0x000000008df00000, 0x000000008df00000|100%| E|CS|TAMS 0x000000008de00000, 0x000000008de00000| Complete 
|  95|0x000000008df00000, 0x000000008e000000, 0x000000008e000000|100%| E|CS|TAMS 0x000000008df00000, 0x000000008df00000| Complete 
|  96|0x000000008e000000, 0x000000008e100000, 0x000000008e100000|100%| E|CS|TAMS 0x000000008e000000, 0x000000008e000000| Complete 
|  97|0x000000008e100000, 0x000000008e200000, 0x000000008e200000|100%| E|CS|TAMS 0x000000008e100000, 0x000000008e100000| Complete 
|  98|0x000000008e200000, 0x000000008e300000, 0x000000008e300000|100%| E|CS|TAMS 0x000000008e200000, 0x000000008e200000| Complete 
|  99|0x000000008e300000, 0x000000008e400000, 0x000000008e400000|100%| E|CS|TAMS 0x000000008e300000, 0x000000008e300000| Complete 
| 100|0x000000008e400000, 0x000000008e500000, 0x000000008e500000|100%| E|CS|TAMS 0x000000008e400000, 0x000000008e400000| Complete 
| 101|0x000000008e500000, 0x000000008e57bb58, 0x000000008e600000| 48%| S|CS|TAMS 0x000000008e500000, 0x000000008e500000| Complete 
| 102|0x000000008e600000, 0x000000008e700000, 0x000000008e700000|100%| S|CS|TAMS 0x000000008e600000, 0x000000008e600000| Complete 
| 103|0x000000008e700000, 0x000000008e800000, 0x000000008e800000|100%| E|CS|TAMS 0x000000008e700000, 0x000000008e700000| Complete 
| 104|0x000000008e800000, 0x000000008e900000, 0x000000008e900000|100%| E|CS|TAMS 0x000000008e800000, 0x000000008e800000| Complete 
| 105|0x000000008e900000, 0x000000008ea00000, 0x000000008ea00000|100%| E|CS|TAMS 0x000000008e900000, 0x000000008e900000| Complete 
| 106|0x000000008ea00000, 0x000000008eb00000, 0x000000008eb00000|100%| E|CS|TAMS 0x000000008ea00000, 0x000000008ea00000| Complete 
| 107|0x000000008eb00000, 0x000000008ec00000, 0x000000008ec00000|100%| E|CS|TAMS 0x000000008eb00000, 0x000000008eb00000| Complete 
| 108|0x000000008ec00000, 0x000000008ed00000, 0x000000008ed00000|100%| E|CS|TAMS 0x000000008ec00000, 0x000000008ec00000| Complete 
| 109|0x000000008ed00000, 0x000000008ee00000, 0x000000008ee00000|100%| E|CS|TAMS 0x000000008ed00000, 0x000000008ed00000| Complete 
| 110|0x000000008ee00000, 0x000000008ef00000, 0x000000008ef00000|100%| E|CS|TAMS 0x000000008ee00000, 0x000000008ee00000| Complete 
| 111|0x000000008ef00000, 0x000000008f000000, 0x000000008f000000|100%| E|CS|TAMS 0x000000008ef00000, 0x000000008ef00000| Complete 
| 112|0x000000008f000000, 0x000000008f100000, 0x000000008f100000|100%| E|CS|TAMS 0x000000008f000000, 0x000000008f000000| Complete 
| 113|0x000000008f100000, 0x000000008f200000, 0x000000008f200000|100%| E|CS|TAMS 0x000000008f100000, 0x000000008f100000| Complete 
| 114|0x000000008f200000, 0x000000008f300000, 0x000000008f300000|100%| E|CS|TAMS 0x000000008f200000, 0x000000008f200000| Complete 
| 115|0x000000008f300000, 0x000000008f400000, 0x000000008f400000|100%| E|CS|TAMS 0x000000008f300000, 0x000000008f300000| Complete 
| 116|0x000000008f400000, 0x000000008f500000, 0x000000008f500000|100%| E|CS|TAMS 0x000000008f400000, 0x000000008f400000| Complete 
| 117|0x000000008f500000, 0x000000008f600000, 0x000000008f600000|100%| E|CS|TAMS 0x000000008f500000, 0x000000008f500000| Complete 
| 118|0x000000008f600000, 0x000000008f700000, 0x000000008f700000|100%| E|CS|TAMS 0x000000008f600000, 0x000000008f600000| Complete 
| 119|0x000000008f700000, 0x000000008f800000, 0x000000008f800000|100%| E|CS|TAMS 0x000000008f700000, 0x000000008f700000| Complete 

Card table byte_map: [0x0000023e9d580000,0x0000023e9d940000] _byte_map_base: 0x0000023e9d140000

Marking Bits (Prev, Next): (CMBitMap*) 0x0000023e86957b80, (CMBitMap*) 0x0000023e86957bc0
 Prev Bits: [0x0000023e9dd00000, 0x0000023e9fb00000)
 Next Bits: [0x0000023e9fb00000, 0x0000023ea1900000)

Polling page: 0x0000023e84730000

Metaspace:

Usage:
  Non-class:     15.11 MB used.
      Class:      1.83 MB used.
       Both:     16.94 MB used.

Virtual space:
  Non-class space:       64.00 MB reserved,      15.25 MB ( 24%) committed,  1 nodes.
      Class space:        1.00 GB reserved,       2.00 MB ( <1%) committed,  1 nodes.
             Both:        1.06 GB reserved,      17.25 MB (  2%) committed. 

Chunk freelists:
   Non-Class:  781.00 KB
       Class:  14.04 MB
        Both:  14.81 MB

MaxMetaspaceSize: unlimited
CompressedClassSpaceSize: 1.00 GB
Initial GC threshold: 21.00 MB
Current GC threshold: 21.00 MB
CDS: on
MetaspaceReclaimPolicy: balanced
 - commit_granule_bytes: 65536.
 - commit_granule_words: 8192.
 - virtual_space_node_default_size: 8388608.
 - enlarge_chunks_in_place: 1.
 - new_chunks_are_fully_committed: 0.
 - uncommit_free_chunks: 1.
 - use_allocation_guard: 0.
 - handle_deallocations: 1.


Internal statistics:

num_allocs_failed_limit: 0.
num_arena_births: 234.
num_arena_deaths: 0.
num_vsnodes_births: 2.
num_vsnodes_deaths: 0.
num_space_committed: 276.
num_space_uncommitted: 0.
num_chunks_returned_to_freelist: 0.
num_chunks_taken_from_freelist: 606.
num_chunk_merges: 0.
num_chunk_splits: 375.
num_chunks_enlarged: 232.
num_inconsistent_stats: 0.

CodeHeap 'non-profiled nmethods': size=120000Kb used=1118Kb max_used=1118Kb free=118881Kb
 bounds [0x0000023e95c90000, 0x0000023e95f00000, 0x0000023e9d1c0000]
CodeHeap 'profiled nmethods': size=120000Kb used=6376Kb max_used=6376Kb free=113623Kb
 bounds [0x0000023e8e1c0000, 0x0000023e8e800000, 0x0000023e956f0000]
CodeHeap 'non-nmethods': size=5760Kb used=1231Kb max_used=1267Kb free=4528Kb
 bounds [0x0000023e956f0000, 0x0000023e95960000, 0x0000023e95c90000]
 total_blobs=3682 nmethods=3151 adapters=443
 compilation: enabled
              stopped_count=0, restarted_count=0
 full_count=0

Compilation events (20 events):
Event: 18.742 Thread 0x0000023ea3d9a100 3066   !   3       javax.crypto.Cipher::chooseFirstProvider (302 bytes)
Event: 18.745 Thread 0x0000023ea3d9a100 nmethod 3066 0x0000023e8e7d2090 code [0x0000023e8e7d23e0, 0x0000023e8e7d3b78]
Event: 18.745 Thread 0x0000023ea3d9a100 3064       3       sun.security.ssl.TransportContext::isInboundClosed (8 bytes)
Event: 18.745 Thread 0x0000023ea3d9a100 nmethod 3064 0x0000023e8e7d4490 code [0x0000023e8e7d4620, 0x0000023e8e7d47d8]
Event: 18.745 Thread 0x0000023ea3d9a100 3068       3       sun.nio.ch.IOStatus::okayToRetry (22 bytes)
Event: 18.745 Thread 0x0000023ea3d9a100 nmethod 3068 0x0000023e8e7d4890 code [0x0000023e8e7d4a20, 0x0000023e8e7d4bb8]
Event: 18.746 Thread 0x0000023ea3d9a100 3069   !   3       jdk.internal.reflect.GeneratedConstructorAccessor33::newInstance (49 bytes)
Event: 18.746 Thread 0x0000023ea3d9a100 nmethod 3069 0x0000023e8e7d4c90 code [0x0000023e8e7d4ea0, 0x0000023e8e7d5408]
Event: 18.746 Thread 0x0000023ea3d9a100 3070       3       sun.security.provider.HashDrbg::addBytes (130 bytes)
Event: 18.747 Thread 0x0000023ea3d9a100 nmethod 3070 0x0000023e8e7d5690 code [0x0000023e8e7d5840, 0x0000023e8e7d5bf8]
Event: 18.747 Thread 0x0000023ea3d9a100 3071       3       java.io.ByteArrayInputStream::<init> (26 bytes)
Event: 18.747 Thread 0x0000023ea3d9a100 nmethod 3071 0x0000023e8e7d5e10 code [0x0000023e8e7d5fc0, 0x0000023e8e7d61f8]
Event: 18.747 Thread 0x0000023ea3d9a100 3072       3       java.util.List::of (4 bytes)
Event: 18.747 Thread 0x0000023ea3d9a100 nmethod 3072 0x0000023e8e7d6310 code [0x0000023e8e7d64a0, 0x0000023e8e7d6598]
Event: 18.747 Thread 0x0000023ea3d9a100 3073       3       java.util.TreeMap::remove (24 bytes)
Event: 18.748 Thread 0x0000023ea3d9a100 nmethod 3073 0x0000023e8e7d6610 code [0x0000023e8e7d67c0, 0x0000023e8e7d69b8]
Event: 18.748 Thread 0x0000023ea3d9a100 3074       3       sun.security.x509.X500Name::isEmpty (36 bytes)
Event: 18.748 Thread 0x0000023ea3d9a100 nmethod 3074 0x0000023e8e7d6a90 code [0x0000023e8e7d6c40, 0x0000023e8e7d6e98]
Event: 18.748 Thread 0x0000023ea3d9a100 3075       3       sun.security.provider.SHA5::implCompress (13 bytes)
Event: 18.749 Thread 0x0000023ea3d9a100 nmethod 3075 0x0000023e8e7d6f90 code [0x0000023e8e7d7180, 0x0000023e8e7d75c8]

GC Heap History (4 events):
Event: 4.024 GC heap before
{Heap before GC invocations=0 (full 0):
 garbage-first heap   total 122880K, used 13312K [0x0000000088000000, 0x0000000100000000)
  region size 1024K, 13 young (13312K), 0 survivors (0K)
 Metaspace       used 4237K, committed 4416K, reserved 1114112K
  class space    used 417K, committed 512K, reserved 1048576K
}
Event: 4.046 GC heap after
{Heap after GC invocations=1 (full 0):
 garbage-first heap   total 122880K, used 2900K [0x0000000088000000, 0x0000000100000000)
  region size 1024K, 2 young (2048K), 2 survivors (2048K)
 Metaspace       used 4237K, committed 4416K, reserved 1114112K
  class space    used 417K, committed 512K, reserved 1048576K
}
Event: 7.025 GC heap before
{Heap before GC invocations=1 (full 0):
 garbage-first heap   total 122880K, used 17236K [0x0000000088000000, 0x0000000100000000)
  region size 1024K, 17 young (17408K), 2 survivors (2048K)
 Metaspace       used 8884K, committed 9088K, reserved 1114112K
  class space    used 980K, committed 1088K, reserved 1048576K
}
Event: 7.033 GC heap after
{Heap after GC invocations=2 (full 0):
 garbage-first heap   total 122880K, used 4482K [0x0000000088000000, 0x0000000100000000)
  region size 1024K, 2 young (2048K), 2 survivors (2048K)
 Metaspace       used 8884K, committed 9088K, reserved 1114112K
  class space    used 980K, committed 1088K, reserved 1048576K
}

Deoptimization events (20 events):
Event: 18.531 Thread 0x0000023ee9d67cf0 DEOPT PACKING pc=0x0000023e8e6cc52d sp=0x000000be31cfe6d0
Event: 18.531 Thread 0x0000023ee9d67cf0 DEOPT UNPACKING pc=0x0000023e95742b43 sp=0x000000be31cfdb58 mode 0
Event: 18.535 Thread 0x0000023ee9d64f60 DEOPT PACKING pc=0x0000023e8e6cc52d sp=0x000000be323fe660
Event: 18.535 Thread 0x0000023ee9d64f60 DEOPT UNPACKING pc=0x0000023e95742b43 sp=0x000000be323fdae8 mode 0
Event: 18.538 Thread 0x0000023ee9209e90 DEOPT PACKING pc=0x0000023e8e6cc52d sp=0x000000be31afdc10
Event: 18.538 Thread 0x0000023ee9209e90 DEOPT UNPACKING pc=0x0000023e95742b43 sp=0x000000be31afd098 mode 0
Event: 18.543 Thread 0x0000023ee9d677e0 DEOPT PACKING pc=0x0000023e8e6cc52d sp=0x000000be322fe030
Event: 18.546 Thread 0x0000023ee9d677e0 DEOPT UNPACKING pc=0x0000023e95742b43 sp=0x000000be322fd4b8 mode 0
Event: 18.692 Thread 0x0000023e868ffec0 Uncommon trap: trap_request=0xffffff45 fr.pc=0x0000023e95d28934 relative=0x0000000000000294
Event: 18.692 Thread 0x0000023e868ffec0 Uncommon trap: reason=unstable_if action=reinterpret pc=0x0000023e95d28934 method=com.sun.org.apache.xerces.internal.impl.io.UTF8Reader.read([CII)I @ 131 c2
Event: 18.692 Thread 0x0000023e868ffec0 DEOPT PACKING pc=0x0000023e95d28934 sp=0x000000be2f8fe290
Event: 18.692 Thread 0x0000023e868ffec0 DEOPT UNPACKING pc=0x0000023e957423a3 sp=0x000000be2f8fe1a8 mode 2
Event: 18.693 Thread 0x0000023e868ffec0 Uncommon trap: trap_request=0xffffff45 fr.pc=0x0000023e95cfa480 relative=0x0000000000000b60
Event: 18.693 Thread 0x0000023e868ffec0 Uncommon trap: reason=unstable_if action=reinterpret pc=0x0000023e95cfa480 method=java.util.regex.Pattern$BitClass.is(I)Z @ 13 c2
Event: 18.703 Thread 0x0000023e868ffec0 DEOPT PACKING pc=0x0000023e95cfa480 sp=0x000000be2f8fdbf0
Event: 18.703 Thread 0x0000023e868ffec0 DEOPT UNPACKING pc=0x0000023e957423a3 sp=0x000000be2f8fdab0 mode 2
Event: 18.718 Thread 0x0000023e868ffec0 Uncommon trap: trap_request=0xffffff45 fr.pc=0x0000023e95d80ddc relative=0x00000000000011dc
Event: 18.718 Thread 0x0000023e868ffec0 Uncommon trap: reason=unstable_if action=reinterpret pc=0x0000023e95d80ddc method=java.util.regex.Matcher.find()Z @ 34 c2
Event: 18.718 Thread 0x0000023e868ffec0 DEOPT PACKING pc=0x0000023e95d80ddc sp=0x000000be2f8fdc80
Event: 18.718 Thread 0x0000023e868ffec0 DEOPT UNPACKING pc=0x0000023e957423a3 sp=0x000000be2f8fdbf8 mode 2

Classes unloaded (0 events):
No events

Classes redefined (0 events):
No events

Internal exceptions (20 events):
Event: 9.230 Thread 0x0000023e868ffec0 Exception <a 'sun/nio/fs/WindowsException'{0x000000008eb85790}> (0x000000008eb85790) 
thrown [s\open\src\hotspot\share\prims\jni.cpp, line 516]
Event: 9.230 Thread 0x0000023e868ffec0 Exception <a 'sun/nio/fs/WindowsException'{0x000000008eb85dd8}> (0x000000008eb85dd8) 
thrown [s\open\src\hotspot\share\prims\jni.cpp, line 516]
Event: 9.231 Thread 0x0000023e868ffec0 Exception <a 'sun/nio/fs/WindowsException'{0x000000008eb86a80}> (0x000000008eb86a80) 
thrown [s\open\src\hotspot\share\prims\jni.cpp, line 516]
Event: 9.231 Thread 0x0000023e868ffec0 Exception <a 'sun/nio/fs/WindowsException'{0x000000008eb86d48}> (0x000000008eb86d48) 
thrown [s\open\src\hotspot\share\prims\jni.cpp, line 516]
Event: 10.575 Thread 0x0000023e868ffec0 Exception <a 'sun/nio/fs/WindowsException'{0x000000008e119438}> (0x000000008e119438) 
thrown [s\open\src\hotspot\share\prims\jni.cpp, line 516]
Event: 10.883 Thread 0x0000023e868ffec0 Exception <a 'java/lang/NoSuchMethodError'{0x000000008e13eef0}: 'int java.lang.invoke.DirectMethodHandle$Holder.invokeStaticInit(java.lang.Object, java.lang.Object, java.lang.Object, java.lang.Object)'> (0x000000008e13eef0) 
thrown [s\open\src\hotspot\share\interpreter\linkResolver.cpp, line 759]
Event: 10.885 Thread 0x0000023e868ffec0 Exception <a 'java/lang/IncompatibleClassChangeError'{0x000000008e1483d0}: Found class java.lang.Object, but interface was expected> (0x000000008e1483d0) 
thrown [s\open\src\hotspot\share\interpreter\linkResolver.cpp, line 826]
Event: 10.887 Thread 0x0000023e868ffec0 Exception <a 'java/lang/NoSuchMethodError'{0x000000008e14b2b8}: 'void java.lang.invoke.DirectMethodHandle$Holder.invokeStaticInit(java.lang.Object, java.lang.Object)'> (0x000000008e14b2b8) 
thrown [s\open\src\hotspot\share\interpreter\linkResolver.cpp, line 759]
Event: 10.888 Thread 0x0000023e868ffec0 Exception <a 'java/lang/NoSuchMethodError'{0x000000008e151098}: 'int java.lang.invoke.DirectMethodHandle$Holder.invokeStaticInit(java.lang.Object, java.lang.Object)'> (0x000000008e151098) 
thrown [s\open\src\hotspot\share\interpreter\linkResolver.cpp, line 759]
Event: 12.450 Thread 0x0000023e868ffec0 Exception <a 'java/lang/NoSuchMethodError'{0x000000008ddd7928}: 'java.lang.Object java.lang.invoke.DirectMethodHandle$Holder.invokeStaticInit(java.lang.Object, int, int, int, int)'> (0x000000008ddd7928) 
thrown [s\open\src\hotspot\share\interpreter\linkResolver.cpp, line 759]
Event: 13.322 Thread 0x0000023e868ffec0 Exception <a 'java/lang/NoSuchMethodError'{0x000000008dcb45a0}: 'java.lang.Object java.lang.invoke.DirectMethodHandle$Holder.invokeStaticInit(java.lang.Object, java.lang.Object, int, int, int, int)'> (0x000000008dcb45a0) 
thrown [s\open\src\hotspot\share\interpreter\linkResolver.cpp, line 759]
Event: 17.808 Thread 0x0000023e868ffec0 Exception <a 'java/lang/NoSuchMethodError'{0x000000008d8cb3b8}: 'java.lang.Object java.lang.invoke.DirectMethodHandle$Holder.newInvokeSpecial(java.lang.Object, double)'> (0x000000008d8cb3b8) 
thrown [s\open\src\hotspot\share\interpreter\linkResolver.cpp, line 759]
Event: 17.958 Thread 0x0000023e868ffec0 Exception <a 'sun/nio/fs/WindowsException'{0x000000008d7df518}> (0x000000008d7df518) 
thrown [s\open\src\hotspot\share\prims\jni.cpp, line 516]
Event: 17.959 Thread 0x0000023e868ffec0 Exception <a 'java/lang/NoSuchMethodError'{0x000000008d7e0080}: 'int java.lang.invoke.DirectMethodHandle$Holder.invokeInterface(java.lang.Object, java.lang.Object)'> (0x000000008d7e0080) 
thrown [s\open\src\hotspot\share\interpreter\linkResolver.cpp, line 759]
Event: 18.007 Thread 0x0000023e868ffec0 Exception <a 'java/lang/NoSuchMethodError'{0x000000008d7ea1e0}: 'void java.lang.invoke.DirectMethodHandle$Holder.invokeStatic(java.lang.Object, int, java.lang.Object)'> (0x000000008d7ea1e0) 
thrown [s\open\src\hotspot\share\interpreter\linkResolver.cpp, line 759]
Event: 18.061 Thread 0x0000023e868ffec0 Exception <a 'java/lang/NoSuchMethodError'{0x000000008d7fba80}: 'java.lang.Object java.lang.invoke.DirectMethodHandle$Holder.newInvokeSpecial(java.lang.Object, java.lang.Object, java.lang.Object, java.lang.Object, java.lang.Object, java.lang.Object)'> (0x000000008d7fba80) 
thrown [s\open\src\hotspot\share\interpreter\linkResolver.cpp, line 759]
Event: 18.123 Thread 0x0000023ee9208540 Implicit null exception at 0x0000023e95d2cb83 to 0x0000023e95d2cc98
Event: 18.123 Thread 0x0000023ee9208f60 Implicit null exception at 0x0000023e95d2cb83 to 0x0000023e95d2cc98
Event: 18.123 Thread 0x0000023ee9208a50 Implicit null exception at 0x0000023e95d2cb83 to 0x0000023e95d2cc98
Event: 18.123 Thread 0x0000023ee920a3a0 Implicit null exception at 0x0000023e95d2cb83 to 0x0000023e95d2cc98

VM Operations (20 events):
Event: 11.630 Executing VM operation: Cleanup
Event: 11.646 Executing VM operation: Cleanup done
Event: 11.756 Executing VM operation: HandshakeAllThreads
Event: 11.756 Executing VM operation: HandshakeAllThreads done
Event: 12.519 Executing VM operation: HandshakeAllThreads
Event: 12.519 Executing VM operation: HandshakeAllThreads done
Event: 13.519 Executing VM operation: Cleanup
Event: 13.535 Executing VM operation: Cleanup done
Event: 14.549 Executing VM operation: Cleanup
Event: 14.565 Executing VM operation: Cleanup done
Event: 15.139 Executing VM operation: HandshakeAllThreads
Event: 15.139 Executing VM operation: HandshakeAllThreads done
Event: 16.143 Executing VM operation: Cleanup
Event: 16.159 Executing VM operation: Cleanup done
Event: 17.170 Executing VM operation: Cleanup
Event: 17.171 Executing VM operation: Cleanup done
Event: 17.782 Executing VM operation: HandshakeAllThreads
Event: 17.782 Executing VM operation: HandshakeAllThreads done
Event: 18.549 Executing VM operation: ICBufferFull
Event: 18.665 Executing VM operation: ICBufferFull done

Events (20 events):
Event: 18.664 loading class sun/security/ssl/Alert$AlertConsumer
Event: 18.676 Thread 0x0000023ee9d6aa80 Thread added: 0x0000023ee9d6aa80
Event: 18.678 Thread 0x0000023ee9d6c3d0 Thread added: 0x0000023ee9d6c3d0
Event: 18.690 loading class sun/security/ssl/Alert$AlertConsumer done
Event: 18.691 Thread 0x0000023ee9d6af90 Thread added: 0x0000023ee9d6af90
Event: 18.692 Thread 0x0000023ee9d65470 Thread exited: 0x0000023ee9d65470
Event: 18.692 Thread 0x0000023ee9d6a570 Thread exited: 0x0000023ee9d6a570
Event: 18.692 Thread 0x0000023ee9d68c20 Thread exited: 0x0000023ee9d68c20
Event: 18.692 loading class sun/security/ssl/Alert$Level
Event: 18.692 Thread 0x0000023ee9d69130 Thread exited: 0x0000023ee9d69130
Event: 18.692 Thread 0x0000023ee9d66dc0 Thread exited: 0x0000023ee9d66dc0
Event: 18.692 Thread 0x0000023ee9d6b9b0 Thread exited: 0x0000023ee9d6b9b0
Event: 18.692 Thread 0x0000023ee9d69b50 Thread exited: 0x0000023ee9d69b50
Event: 18.692 loading class sun/security/ssl/Alert$Level done
Event: 18.692 Thread 0x0000023ee9d6a060 Thread exited: 0x0000023ee9d6a060
Event: 18.699 Thread 0x0000023ee9d6bec0 Thread added: 0x0000023ee9d6bec0
Event: 18.705 loading class java/net/SocketTimeoutException
Event: 18.706 loading class java/io/InterruptedIOException
Event: 18.708 loading class java/io/InterruptedIOException done
Event: 18.708 loading class java/net/SocketTimeoutException done


Dynamic libraries:
0x00007ff7e97d0000 - 0x00007ff7e97e0000 	C:\Program Files\Java\jdk-17\bin\java.exe
0x00007fff0ae10000 - 0x00007fff0b008000 	C:\Windows\SYSTEM32\ntdll.dll
0x00007ffee0750000 - 0x00007ffee076a000 	C:\Program Files\Avast Software\Avast\aswhook.dll
0x00007fff09e10000 - 0x00007fff09ed2000 	C:\Windows\System32\KERNEL32.DLL
0x00007fff087b0000 - 0x00007fff08aae000 	C:\Windows\System32\KERNELBASE.dll
0x00007fff08ab0000 - 0x00007fff08bb0000 	C:\Windows\System32\ucrtbase.dll
0x00007ffeef910000 - 0x00007ffeef929000 	C:\Program Files\Java\jdk-17\bin\jli.dll
0x00007fff091d0000 - 0x00007fff09281000 	C:\Windows\System32\ADVAPI32.dll
0x00007fff0a800000 - 0x00007fff0a89e000 	C:\Windows\System32\msvcrt.dll
0x00007fff0a730000 - 0x00007fff0a7cf000 	C:\Windows\System32\sechost.dll
0x00007fff0ab30000 - 0x00007fff0ac53000 	C:\Windows\System32\RPCRT4.dll
0x00007fff085b0000 - 0x00007fff085d7000 	C:\Windows\System32\bcrypt.dll
0x00007fff08f50000 - 0x00007fff090ed000 	C:\Windows\System32\USER32.dll
0x00007ffef07e0000 - 0x00007ffef07fb000 	C:\Program Files\Java\jdk-17\bin\VCRUNTIME140.dll
0x00007fff08cd0000 - 0x00007fff08cf2000 	C:\Windows\System32\win32u.dll
0x00007fff0a7d0000 - 0x00007fff0a7fb000 	C:\Windows\System32\GDI32.dll
0x00007fff08bb0000 - 0x00007fff08cc7000 	C:\Windows\System32\gdi32full.dll
0x00007ffeee1c0000 - 0x00007ffeee45a000 	C:\Windows\WinSxS\amd64_microsoft.windows.common-controls_6595b64144ccf1df_6.0.19041.4355_none_60b8b9eb71f62e16\COMCTL32.dll
0x00007fff08d00000 - 0x00007fff08d9d000 	C:\Windows\System32\msvcp_win.dll
0x00007ffef5410000 - 0x00007ffef541a000 	C:\Windows\SYSTEM32\VERSION.dll
0x00007fff0ada0000 - 0x00007fff0adcf000 	C:\Windows\System32\IMM32.DLL
0x00007fff03cb0000 - 0x00007fff03cbc000 	C:\Program Files\Java\jdk-17\bin\vcruntime140_1.dll
0x00007ffec6320000 - 0x00007ffec63ae000 	C:\Program Files\Java\jdk-17\bin\msvcp140.dll
0x00007ffea4960000 - 0x00007ffea5540000 	C:\Program Files\Java\jdk-17\bin\server\jvm.dll
0x00007fff098f0000 - 0x00007fff098f8000 	C:\Windows\System32\PSAPI.DLL
0x00007ffef60c0000 - 0x00007ffef60c9000 	C:\Windows\SYSTEM32\WSOCK32.dll
0x00007fff09c70000 - 0x00007fff09cdb000 	C:\Windows\System32\WS2_32.dll
0x00007ffee8140000 - 0x00007ffee8167000 	C:\Windows\SYSTEM32\WINMM.dll
0x00007fff06cd0000 - 0x00007fff06ce2000 	C:\Windows\SYSTEM32\kernel.appcore.dll
0x00007ffefe8c0000 - 0x00007ffefe8ca000 	C:\Program Files\Java\jdk-17\bin\jimage.dll
0x00007ffefee50000 - 0x00007ffeff034000 	C:\Windows\SYSTEM32\DBGHELP.DLL
0x00007ffefe8e0000 - 0x00007ffefe914000 	C:\Windows\SYSTEM32\dbgcore.DLL
0x00007fff08da0000 - 0x00007fff08e22000 	C:\Windows\System32\bcryptPrimitives.dll
0x00007ffedfe30000 - 0x00007ffedfe55000 	C:\Program Files\Java\jdk-17\bin\java.dll
0x00007ffec5500000 - 0x00007ffec55d7000 	C:\Program Files\Java\jdk-17\bin\jsvml.dll
0x00007fff09ee0000 - 0x00007fff0a64d000 	C:\Windows\System32\SHELL32.dll
0x00007fff060c0000 - 0x00007fff06864000 	C:\Windows\SYSTEM32\windows.storage.dll
0x00007fff09910000 - 0x00007fff09c63000 	C:\Windows\System32\combase.dll
0x00007fff07ee0000 - 0x00007fff07f0e000 	C:\Windows\SYSTEM32\Wldp.dll
0x00007fff09820000 - 0x00007fff098ed000 	C:\Windows\System32\OLEAUT32.dll
0x00007fff0acf0000 - 0x00007fff0ad9d000 	C:\Windows\System32\SHCORE.dll
0x00007fff09340000 - 0x00007fff09395000 	C:\Windows\System32\shlwapi.dll
0x00007fff083e0000 - 0x00007fff08404000 	C:\Windows\SYSTEM32\profapi.dll
0x00007ffeee4d0000 - 0x00007ffeee4e9000 	C:\Program Files\Java\jdk-17\bin\net.dll
0x00007ffeff160000 - 0x00007ffeff26d000 	C:\Windows\SYSTEM32\WINHTTP.dll
0x00007fff07c40000 - 0x00007fff07caa000 	C:\Windows\system32\mswsock.dll
0x00007ffee5fa0000 - 0x00007ffee5fb6000 	C:\Program Files\Java\jdk-17\bin\nio.dll
0x00007ffee30c0000 - 0x00007ffee30d8000 	C:\Program Files\Java\jdk-17\bin\zip.dll
0x00007fff07e40000 - 0x00007fff07e58000 	C:\Windows\SYSTEM32\CRYPTSP.dll
0x00007fff074f0000 - 0x00007fff07524000 	C:\Windows\system32\rsaenh.dll
0x00007fff08360000 - 0x00007fff0838e000 	C:\Windows\SYSTEM32\USERENV.dll
0x00007fff07e30000 - 0x00007fff07e3c000 	C:\Windows\SYSTEM32\CRYPTBASE.dll
0x00007fff078d0000 - 0x00007fff0790b000 	C:\Windows\SYSTEM32\IPHLPAPI.DLL
0x00007fff093a0000 - 0x00007fff093a8000 	C:\Windows\System32\NSI.dll
0x00007ffeffc00000 - 0x00007ffeffc17000 	C:\Windows\SYSTEM32\dhcpcsvc6.DLL
0x00007fff00990000 - 0x00007fff009ad000 	C:\Windows\SYSTEM32\dhcpcsvc.DLL
0x00007fff07920000 - 0x00007fff079ea000 	C:\Windows\SYSTEM32\DNSAPI.dll
0x00007fff03da0000 - 0x00007fff03dae000 	C:\Program Files\Java\jdk-17\bin\sunmscapi.dll
0x00007fff08650000 - 0x00007fff087ac000 	C:\Windows\System32\CRYPT32.dll
0x00007fff07f50000 - 0x00007fff07f77000 	C:\Windows\SYSTEM32\ncrypt.dll
0x00007fff07f10000 - 0x00007fff07f4b000 	C:\Windows\SYSTEM32\NTASN1.dll
0x00007ffef7050000 - 0x00007ffef705a000 	C:\Windows\System32\rasadhlp.dll
0x00007ffef76e0000 - 0x00007ffef7760000 	C:\Windows\System32\fwpuclnt.dll

dbghelp: loaded successfully - version: 4.0.5 - missing functions: none
symbol engine: initialized successfully - sym options: 0x614 - pdb path: .;C:\Program Files\Java\jdk-17\bin;C:\Windows\SYSTEM32;C:\Program Files\Avast Software\Avast;C:\Windows\WinSxS\amd64_microsoft.windows.common-controls_6595b64144ccf1df_6.0.19041.4355_none_60b8b9eb71f62e16;C:\Program Files\Java\jdk-17\bin\server

VM Arguments:
jvm_args: -Dcom.android.sdklib.toolsdir=C:\Users\LENOVO\AppData\Local\Android\Sdk\cmdline-tools\latest\bin\\.. 
java_command: com.android.sdklib.tool.sdkmanager.SdkManagerCli --list
java_class_path (initial): C:\Users\LENOVO\AppData\Local\Android\Sdk\cmdline-tools\latest\bin\..\lib\sdkmanager-classpath.jar
Launcher Type: SUN_STANDARD

[Global flags]
     intx CICompilerCount                          = 3                                         {product} {ergonomic}
     uint ConcGCThreads                            = 1                                         {product} {ergonomic}
     uint G1ConcRefinementThreads                  = 4                                         {product} {ergonomic}
   size_t G1HeapRegionSize                         = 1048576                                   {product} {ergonomic}
    uintx GCDrainStackTargetSize                   = 64                                        {product} {ergonomic}
   size_t InitialHeapSize                          = 125829120                                 {product} {ergonomic}
   size_t MarkStackSize                            = 4194304                                   {product} {ergonomic}
   size_t MaxHeapSize                              = 2013265920                                {product} {ergonomic}
   size_t MaxNewSize                               = 1207959552                                {product} {ergonomic}
   size_t MinHeapDeltaBytes                        = 1048576                                   {product} {ergonomic}
   size_t MinHeapSize                              = 8388608                                   {product} {ergonomic}
    uintx NonNMethodCodeHeapSize                   = 5832780                                {pd product} {ergonomic}
    uintx NonProfiledCodeHeapSize                  = 122912730                              {pd product} {ergonomic}
    uintx ProfiledCodeHeapSize                     = 122912730                              {pd product} {ergonomic}
    uintx ReservedCodeCacheSize                    = 251658240                              {pd product} {ergonomic}
     bool SegmentedCodeCache                       = true                                      {product} {ergonomic}
   size_t SoftMaxHeapSize                          = 2013265920                             {manageable} {ergonomic}
     bool UseCompressedClassPointers               = true                           {product lp64_product} {ergonomic}
     bool UseCompressedOops                        = true                           {product lp64_product} {ergonomic}
     bool UseG1GC                                  = true                                      {product} {ergonomic}
     bool UseLargePagesIndividualAllocation        = false                                  {pd product} {ergonomic}

Logging:
Log output configuration:
 #0: stdout all=warning uptime,level,tags
 #1: stderr all=off uptime,level,tags

Environment Variables:
JAVA_HOME=C:\Program Files\Java\jdk-17
CLASSPATH=C:\Users\LENOVO\AppData\Local\Android\Sdk\cmdline-tools\latest\bin\..\lib\sdkmanager-classpath.jar
PATH=C:\Users\LENOVO\UtsTodoList\node_modules\.bin;C:\Users\LENOVO\UtsTodoList\node_modules\.bin;C:\Users\LENOVO\node_modules\.bin;C:\Users\node_modules\.bin;C:\node_modules\.bin;C:\Users\LENOVO\AppData\Roaming\npm\node_modules\npm\node_modules\@npmcli\run-script\lib\node-gyp-bin;C:\Python312\Scripts\;C:\Python312\;C:\Windows\system32;C:\Windows;C:\Windows\System32\Wbem;C:\Windows\System32\WindowsPowerShell\v1.0\;C:\Windows\System32\OpenSSH\;C:\Users\LENOVO\Downloads\gradle-8.10.1-bin\gradle-8.10.1\bin;C:\gradle-8.10.1-bin\gradle-8.10.1\bin;C:\Program Files\nodejs\;C:\ProgramData\chocolatey\bin;C:\Program Files\nodejs;C:\Program Files\Java\jdk-17\bin;C:\Program Files\Git\cmd;C:\xampp\php;C:\composer;C:\Users\LENOVO\AppData\Local\Microsoft\WindowsApps;C:\Users\LENOVO\AppData\Local\Programs\Microsoft VS Code\bin;C:\Program Files\JetBrains\IntelliJ IDEA 2024.2.2\bin;;C:\Program Files\JetBrains\IntelliJ IDEA Community Edition 2024.2.2\bin;;C:\Users\LENOVO\AppData\Roaming\npm;C:\Program Files\Java\jdk-17\bin;C:\Users\LENOVO\AppData\Local\Android\Sdk\tools;C:\Users\LENOVO\AppData\Local\Android\Sdk\tools\bin;C:\Users\LENOVO\AppData\Local\Android\Sdk\build-tools;C:\Users\LENOVO\AppData\Local\Android\Sdk\platform-tools;C:\Users\LENOVO\AppData\Local\Android\Sdk\emulator;C:\Users\LENOVO\AppData\Local\Android\Sdk\emulator\bin64;C:\Users\LENOVO\AppData\Local\Android\Sdk\cmdline-tools\bin;C:\Users\LENOVO\AppData\Roaming\Composer\vendor\bin
USERNAME=LENOVO
LANG=en_US.UTF-8
OS=Windows_NT
PROCESSOR_IDENTIFIER=Intel64 Family 6 Model 78 Stepping 3, GenuineIntel



---------------  S Y S T E M  ---------------

OS:
 Windows 10 , 64 bit Build 19041 (10.0.19041.5198)
OS uptime: 13 days 10:28 hours

CPU: total 4 (initial active 4) (2 cores per cpu, 2 threads per core) family 6 model 78 stepping 3 microcode 0xcc, cx8, cmov, fxsr, ht, mmx, 3dnowpref, sse, sse2, sse3, ssse3, sse4.1, sse4.2, popcnt, lzcnt, tsc, tscinvbit, avx, avx2, aes, erms, clmul, bmi1, bmi2, adx, fma, vzeroupper, clflush, clflushopt

Memory: 4k page, system-wide physical 7675M (407M free)
TotalPageFile size 20272M (AvailPageFile size 1M)
current process WorkingSet (physical memory assigned to process): 139M, peak: 139M
current process commit charge ("private bytes"): 232M, peak: 232M

vm_info: Java HotSpot(TM) 64-Bit Server VM (17.0.11+7-LTS-207) for windows-amd64 JRE (17.0.11+7-LTS-207), built on Mar 11 2024 19:01:50 by "mach5one" with MS VC++ 17.6 (VS2022)

END.
